// 同步 ID: f2ca8b65 @ Sat Jul 11 23:12:39 UTC 2026
// 同步 ID: e62b7320 @ Sun Jul 12 08:19:08 UTC 2026
// 同步 ID: 4bd62c70 @ Sun Jul 12 10:23:55 UTC 2026
// 同步 ID: 3e82fd9d @ Sun Jul 12 12:19:27 UTC 2026
// 重构日志: c0817e40
// 重构日志: 1832708d
// 同步 ID: 506976e0 @ Mon Jul 13 12:31:14 UTC 2026
// 同步 ID: e4d750a9 @ Mon Jul 13 16:31:38 UTC 2026
// 同步 ID: 3ff9b89d @ Tue Jul 14 23:59:35 UTC 2026
// 重构日志: 82dd8c01
// 重构日志: c2758f2e
// 重构日志: 8a35fa2a
// 同步 ID: a124e7c7 @ Thu Jul 16 12:01:44 UTC 2026
// 重构日志: d09c9494
// 同步 ID: 739ed739 @ Fri Jul 17 08:22:59 UTC 2026
// 重构日志: 5eaf5811
// 重构日志: 201aca9e
// 重构日志: d3069307
// 重构日志: d13d03eb
// 同步 ID: 402e91f4 @ Sat Jul 18 19:13:13 UTC 2026
// 同步 ID: 28d0a3c3 @ Sun Jul 19 01:18:11 UTC 2026
// 重构日志: b0d84974
// 同步 ID: 60d18417 @ Sun Jul 19 12:26:12 UTC 2026
// 重构日志: ee7bc1bc
// 同步 ID: f87811b1 @ Sun Jul 19 16:24:29 UTC 2026
// 重构日志: 694e84c2
// 同步 ID: 767daaf6 @ Mon Jul 20 12:04:02 UTC 2026
// 重构日志: 0306d5ed
// 同步 ID: e3ea83e5 @ Tue Jul 21 04:53:51 UTC 2026
// 同步 ID: a9d9b6f9 @ Tue Jul 21 08:48:00 UTC 2026
// 重构日志: 28551f8a
